[   45874ms] [WARNING] crbug/1173575, non-JS module files deprecated. @ file:///Users/wenzorithelly/Desktop/beacon/:231
[   61246ms] [WARNING] crbug/1173575, non-JS module files deprecated. @ file:///Users/wenzorithelly/Desktop/beacon/prisma/:231
[   61267ms] [WARNING] crbug/1173575, non-JS module files deprecated. @ file:///Users/wenzorithelly/Desktop/beacon/prisma/migrations/:231
[   61285ms] [WARNING] crbug/1173575, non-JS module files deprecated. @ file:///Users/wenzorithelly/Desktop/beacon/prisma/migrations/20260604160944_init/:231
[   61302ms] [WARNING] crbug/1173575, non-JS module files deprecated. @ file:///Users/wenzorithelly/Desktop/beacon/prisma/migrations/20260604165853_db_design/:231
[   61319ms] [WARNING] crbug/1173575, non-JS module files deprecated. @ file:///Users/wenzorithelly/Desktop/beacon/prisma/migrations/20260604174720_intel_source/:231
[   61335ms] [WARNING] crbug/1173575, non-JS module files deprecated. @ file:///Users/wenzorithelly/Desktop/beacon/prisma/migrations/20260604202235_app_settings/:231
[   61351ms] [WARNING] crbug/1173575, non-JS module files deprecated. @ file:///Users/wenzorithelly/Desktop/beacon/prisma/migrations/20260604203447_designer_integrations/:231
[   61374ms] [WARNING] crbug/1173575, non-JS module files deprecated. @ file:///Users/wenzorithelly/Desktop/beacon/prisma/migrations/20260604230637_node_files/:231
[   61392ms] [WARNING] crbug/1173575, non-JS module files deprecated. @ file:///Users/wenzorithelly/Desktop/beacon/prisma/migrations/20260604231300_editor_current_feature/:231
[   61410ms] [WARNING] crbug/1173575, non-JS module files deprecated. @ file:///Users/wenzorithelly/Desktop/beacon/prisma/migrations/20260604235834_project_meta/:231
[   61426ms] [WARNING] crbug/1173575, non-JS module files deprecated. @ file:///Users/wenzorithelly/Desktop/beacon/app/:231
[   61442ms] [WARNING] crbug/1173575, non-JS module files deprecated. @ file:///Users/wenzorithelly/Desktop/beacon/app/actions/:231
[   61458ms] [WARNING] crbug/1173575, non-JS module files deprecated. @ file:///Users/wenzorithelly/Desktop/beacon/app/api/:231
[   61475ms] [WARNING] crbug/1173575, non-JS module files deprecated. @ file:///Users/wenzorithelly/Desktop/beacon/app/api/ask/:231
[   61494ms] [WARNING] crbug/1173575, non-JS module files deprecated. @ file:///Users/wenzorithelly/Desktop/beacon/app/api/context/:231
[   61520ms] [WARNING] crbug/1173575, non-JS module files deprecated. @ file:///Users/wenzorithelly/Desktop/beacon/app/api/db/:231
[   61538ms] [WARNING] crbug/1173575, non-JS module files deprecated. @ file:///Users/wenzorithelly/Desktop/beacon/app/api/db/position/:231
[   61555ms] [WARNING] crbug/1173575, non-JS module files deprecated. @ file:///Users/wenzorithelly/Desktop/beacon/app/api/design/:231
[   61572ms] [WARNING] crbug/1173575, non-JS module files deprecated. @ file:///Users/wenzorithelly/Desktop/beacon/app/api/design-feature/:231
[   61588ms] [WARNING] crbug/1173575, non-JS module files deprecated. @ file:///Users/wenzorithelly/Desktop/beacon/app/api/health/:231
[   61605ms] [WARNING] crbug/1173575, non-JS module files deprecated. @ file:///Users/wenzorithelly/Desktop/beacon/app/api/ingest/:231
[   61621ms] [WARNING] crbug/1173575, non-JS module files deprecated. @ file:///Users/wenzorithelly/Desktop/beacon/app/api/integrations/:231
[   61638ms] [WARNING] crbug/1173575, non-JS module files deprecated. @ file:///Users/wenzorithelly/Desktop/beacon/app/api/integrations/[key]/:231
[   61654ms] [WARNING] crbug/1173575, non-JS module files deprecated. @ file:///Users/wenzorithelly/Desktop/beacon/app/api/map/:231
[   61670ms] [WARNING] crbug/1173575, non-JS module files deprecated. @ file:///Users/wenzorithelly/Desktop/beacon/app/api/map/files/:231
[   61687ms] [WARNING] crbug/1173575, non-JS module files deprecated. @ file:///Users/wenzorithelly/Desktop/beacon/app/api/map/finish/:231
[   61703ms] [WARNING] crbug/1173575, non-JS module files deprecated. @ file:///Users/wenzorithelly/Desktop/beacon/app/api/map/start/:231
[   61721ms] [WARNING] crbug/1173575, non-JS module files deprecated. @ file:///Users/wenzorithelly/Desktop/beacon/app/api/map/touch-active/:231
[   61738ms] [WARNING] crbug/1173575, non-JS module files deprecated. @ file:///Users/wenzorithelly/Desktop/beacon/app/api/nodes/:231
[   61756ms] [WARNING] crbug/1173575, non-JS module files deprecated. @ file:///Users/wenzorithelly/Desktop/beacon/app/api/nodes/[id]/:231
[   61778ms] [WARNING] crbug/1173575, non-JS module files deprecated. @ file:///Users/wenzorithelly/Desktop/beacon/app/api/nodes/[id]/position/:231
[   61796ms] [WARNING] crbug/1173575, non-JS module files deprecated. @ file:///Users/wenzorithelly/Desktop/beacon/app/api/open/:231
[   61813ms] [WARNING] crbug/1173575, non-JS module files deprecated. @ file:///Users/wenzorithelly/Desktop/beacon/app/api/reset/:231
[   61830ms] [WARNING] crbug/1173575, non-JS module files deprecated. @ file:///Users/wenzorithelly/Desktop/beacon/app/api/sessions/:231
[   61846ms] [WARNING] crbug/1173575, non-JS module files deprecated. @ file:///Users/wenzorithelly/Desktop/beacon/app/api/settings/:231
[   61862ms] [WARNING] crbug/1173575, non-JS module files deprecated. @ file:///Users/wenzorithelly/Desktop/beacon/app/api/stream/:231
[   61879ms] [WARNING] crbug/1173575, non-JS module files deprecated. @ file:///Users/wenzorithelly/Desktop/beacon/app/api/version/:231
[   61895ms] [WARNING] crbug/1173575, non-JS module files deprecated. @ file:///Users/wenzorithelly/Desktop/beacon/app/api/workspace/:231
[   61910ms] [WARNING] crbug/1173575, non-JS module files deprecated. @ file:///Users/wenzorithelly/Desktop/beacon/app/api/workspace/activate/:231
[   61927ms] [WARNING] crbug/1173575, non-JS module files deprecated. @ file:///Users/wenzorithelly/Desktop/beacon/app/bugs/:231
[   61945ms] [WARNING] crbug/1173575, non-JS module files deprecated. @ file:///Users/wenzorithelly/Desktop/beacon/app/db/:231
[   61961ms] [WARNING] crbug/1173575, non-JS module files deprecated. @ file:///Users/wenzorithelly/Desktop/beacon/app/health/:231
[   61979ms] [WARNING] crbug/1173575, non-JS module files deprecated. @ file:///Users/wenzorithelly/Desktop/beacon/app/list/:231
[   61995ms] [WARNING] crbug/1173575, non-JS module files deprecated. @ file:///Users/wenzorithelly/Desktop/beacon/app/map/:231
[   62011ms] [WARNING] crbug/1173575, non-JS module files deprecated. @ file:///Users/wenzorithelly/Desktop/beacon/app/settings/:231
[   62028ms] [WARNING] crbug/1173575, non-JS module files deprecated. @ file:///Users/wenzorithelly/Desktop/beacon/lib/:231
[   62046ms] [WARNING] crbug/1173575, non-JS module files deprecated. @ file:///Users/wenzorithelly/Desktop/beacon/lib/generated/:231
[   62063ms] [WARNING] crbug/1173575, non-JS module files deprecated. @ file:///Users/wenzorithelly/Desktop/beacon/lib/generated/prisma/:231
[   62080ms] [WARNING] crbug/1173575, non-JS module files deprecated. @ file:///Users/wenzorithelly/Desktop/beacon/lib/generated/prisma/internal/:231
[   62096ms] [WARNING] crbug/1173575, non-JS module files deprecated. @ file:///Users/wenzorithelly/Desktop/beacon/lib/generated/prisma/models/:231
