[      35ms] [WARNING] crbug/1173575, non-JS module files deprecated. @ file:///Users/wenzorithelly/Desktop/beacon/app/:231
[      65ms] [WARNING] crbug/1173575, non-JS module files deprecated. @ file:///Users/wenzorithelly/Desktop/beacon/app/actions/:231
[      83ms] [WARNING] crbug/1173575, non-JS module files deprecated. @ file:///Users/wenzorithelly/Desktop/beacon/app/api/:231
[     101ms] [WARNING] crbug/1173575, non-JS module files deprecated. @ file:///Users/wenzorithelly/Desktop/beacon/app/api/ask/:231
[     118ms] [WARNING] crbug/1173575, non-JS module files deprecated. @ file:///Users/wenzorithelly/Desktop/beacon/app/api/context/:231
[     134ms] [WARNING] crbug/1173575, non-JS module files deprecated. @ file:///Users/wenzorithelly/Desktop/beacon/app/api/db/:231
[     151ms] [WARNING] crbug/1173575, non-JS module files deprecated. @ file:///Users/wenzorithelly/Desktop/beacon/app/api/db/position/:231
[     169ms] [WARNING] crbug/1173575, non-JS module files deprecated. @ file:///Users/wenzorithelly/Desktop/beacon/app/api/design/:231
[     185ms] [WARNING] crbug/1173575, non-JS module files deprecated. @ file:///Users/wenzorithelly/Desktop/beacon/app/api/design-feature/:231
[     202ms] [WARNING] crbug/1173575, non-JS module files deprecated. @ file:///Users/wenzorithelly/Desktop/beacon/app/api/health/:231
[     218ms] [WARNING] crbug/1173575, non-JS module files deprecated. @ file:///Users/wenzorithelly/Desktop/beacon/app/api/ingest/:231
[     236ms] [WARNING] crbug/1173575, non-JS module files deprecated. @ file:///Users/wenzorithelly/Desktop/beacon/app/api/integrations/:231
[     253ms] [WARNING] crbug/1173575, non-JS module files deprecated. @ file:///Users/wenzorithelly/Desktop/beacon/app/api/integrations/[key]/:231
[     271ms] [WARNING] crbug/1173575, non-JS module files deprecated. @ file:///Users/wenzorithelly/Desktop/beacon/app/api/map/:231
[     290ms] [WARNING] crbug/1173575, non-JS module files deprecated. @ file:///Users/wenzorithelly/Desktop/beacon/app/api/map/files/:231
[     306ms] [WARNING] crbug/1173575, non-JS module files deprecated. @ file:///Users/wenzorithelly/Desktop/beacon/app/api/map/finish/:231
[     325ms] [WARNING] crbug/1173575, non-JS module files deprecated. @ file:///Users/wenzorithelly/Desktop/beacon/app/api/map/start/:231
[     342ms] [WARNING] crbug/1173575, non-JS module files deprecated. @ file:///Users/wenzorithelly/Desktop/beacon/app/api/map/touch-active/:231
[     359ms] [WARNING] crbug/1173575, non-JS module files deprecated. @ file:///Users/wenzorithelly/Desktop/beacon/app/api/nodes/:231
[     377ms] [WARNING] crbug/1173575, non-JS module files deprecated. @ file:///Users/wenzorithelly/Desktop/beacon/app/api/nodes/[id]/:231
[     394ms] [WARNING] crbug/1173575, non-JS module files deprecated. @ file:///Users/wenzorithelly/Desktop/beacon/app/api/nodes/[id]/position/:231
[     410ms] [WARNING] crbug/1173575, non-JS module files deprecated. @ file:///Users/wenzorithelly/Desktop/beacon/app/api/open/:231
[     430ms] [WARNING] crbug/1173575, non-JS module files deprecated. @ file:///Users/wenzorithelly/Desktop/beacon/app/api/reset/:231
[     446ms] [WARNING] crbug/1173575, non-JS module files deprecated. @ file:///Users/wenzorithelly/Desktop/beacon/app/api/sessions/:231
[     465ms] [WARNING] crbug/1173575, non-JS module files deprecated. @ file:///Users/wenzorithelly/Desktop/beacon/app/api/settings/:231
[     481ms] [WARNING] crbug/1173575, non-JS module files deprecated. @ file:///Users/wenzorithelly/Desktop/beacon/app/api/stream/:231
[     499ms] [WARNING] crbug/1173575, non-JS module files deprecated. @ file:///Users/wenzorithelly/Desktop/beacon/app/api/version/:231
[     521ms] [WARNING] crbug/1173575, non-JS module files deprecated. @ file:///Users/wenzorithelly/Desktop/beacon/app/api/workspace/:231
[     539ms] [WARNING] crbug/1173575, non-JS module files deprecated. @ file:///Users/wenzorithelly/Desktop/beacon/app/api/workspace/activate/:231
[     557ms] [WARNING] crbug/1173575, non-JS module files deprecated. @ file:///Users/wenzorithelly/Desktop/beacon/app/bugs/:231
[     574ms] [WARNING] crbug/1173575, non-JS module files deprecated. @ file:///Users/wenzorithelly/Desktop/beacon/app/db/:231
[     591ms] [WARNING] crbug/1173575, non-JS module files deprecated. @ file:///Users/wenzorithelly/Desktop/beacon/app/health/:231
[     606ms] [WARNING] crbug/1173575, non-JS module files deprecated. @ file:///Users/wenzorithelly/Desktop/beacon/app/list/:231
[     622ms] [WARNING] crbug/1173575, non-JS module files deprecated. @ file:///Users/wenzorithelly/Desktop/beacon/app/map/:231
[     639ms] [WARNING] crbug/1173575, non-JS module files deprecated. @ file:///Users/wenzorithelly/Desktop/beacon/app/settings/:231
